::1 - - [25/May/2016:08:07:15 +0000] "GET /task/list HTTP/1.1" 200 15692 "-" "Mozilla/5.0 (Windows NT 6.1; WOW64) AppleWebKit/537.36 (KHTML, like Gecko) Chrome/50.0.2661.102 Safari/537.36"
::1 - - [25/May/2016:08:07:16 +0000] "GET /public/bootstrap/bootstrap.min.css HTTP/1.1" 200 122540 "http://localhost:3000/task/list" "Mozilla/5.0 (Windows NT 6.1; WOW64) AppleWebKit/537.36 (KHTML, like Gecko) Chrome/50.0.2661.102 Safari/537.36"
::1 - - [25/May/2016:08:07:16 +0000] "GET /public/bootstrap/bootstrap-theme.min.css HTTP/1.1" 200 23357 "http://localhost:3000/task/list" "Mozilla/5.0 (Windows NT 6.1; WOW64) AppleWebKit/537.36 (KHTML, like Gecko) Chrome/50.0.2661.102 Safari/537.36"
::1 - - [25/May/2016:08:07:16 +0000] "GET /public/stylesheets/style.css HTTP/1.1" 200 217 "http://localhost:3000/task/list" "Mozilla/5.0 (Windows NT 6.1; WOW64) AppleWebKit/537.36 (KHTML, like Gecko) Chrome/50.0.2661.102 Safari/537.36"
::1 - - [25/May/2016:08:07:16 +0000] "GET /public/js/jquery.js HTTP/1.1" 200 258648 "http://localhost:3000/task/list" "Mozilla/5.0 (Windows NT 6.1; WOW64) AppleWebKit/537.36 (KHTML, like Gecko) Chrome/50.0.2661.102 Safari/537.36"
::1 - - [25/May/2016:08:07:16 +0000] "GET /public/js/vue.js HTTP/1.1" 200 267661 "http://localhost:3000/task/list" "Mozilla/5.0 (Windows NT 6.1; WOW64) AppleWebKit/537.36 (KHTML, like Gecko) Chrome/50.0.2661.102 Safari/537.36"
::1 - - [25/May/2016:08:07:16 +0000] "GET /public/bootstrap/bootstrap.min.js HTTP/1.1" 200 36816 "http://localhost:3000/task/list" "Mozilla/5.0 (Windows NT 6.1; WOW64) AppleWebKit/537.36 (KHTML, like Gecko) Chrome/50.0.2661.102 Safari/537.36"
::1 - - [25/May/2016:08:07:19 +0000] "GET /diff/list/ HTTP/1.1" 200 4342 "http://localhost:3000/task/list" "Mozilla/5.0 (Windows NT 6.1; WOW64) AppleWebKit/537.36 (KHTML, like Gecko) Chrome/50.0.2661.102 Safari/537.36"
::1 - - [25/May/2016:08:07:19 +0000] "GET /public/bootstrap/bootstrap.min.css HTTP/1.1" 304 - "http://localhost:3000/diff/list/" "Mozilla/5.0 (Windows NT 6.1; WOW64) AppleWebKit/537.36 (KHTML, like Gecko) Chrome/50.0.2661.102 Safari/537.36"
::1 - - [25/May/2016:08:07:19 +0000] "GET /public/bootstrap/bootstrap-theme.min.css HTTP/1.1" 304 - "http://localhost:3000/diff/list/" "Mozilla/5.0 (Windows NT 6.1; WOW64) AppleWebKit/537.36 (KHTML, like Gecko) Chrome/50.0.2661.102 Safari/537.36"
::1 - - [25/May/2016:08:07:19 +0000] "GET /public/js/jquery.js HTTP/1.1" 304 - "http://localhost:3000/diff/list/" "Mozilla/5.0 (Windows NT 6.1; WOW64) AppleWebKit/537.36 (KHTML, like Gecko) Chrome/50.0.2661.102 Safari/537.36"
::1 - - [25/May/2016:08:07:19 +0000] "GET /public/bootstrap/bootstrap.min.js HTTP/1.1" 304 - "http://localhost:3000/diff/list/" "Mozilla/5.0 (Windows NT 6.1; WOW64) AppleWebKit/537.36 (KHTML, like Gecko) Chrome/50.0.2661.102 Safari/537.36"
::1 - - [25/May/2016:08:07:19 +0000] "GET /public/stylesheets/style.css HTTP/1.1" 304 - "http://localhost:3000/diff/list/" "Mozilla/5.0 (Windows NT 6.1; WOW64) AppleWebKit/537.36 (KHTML, like Gecko) Chrome/50.0.2661.102 Safari/537.36"
::1 - - [25/May/2016:08:07:19 +0000] "POST /api/capture/list HTTP/1.1" 200 31234 "http://localhost:3000/diff/list/" "Mozilla/5.0 (Windows NT 6.1; WOW64) AppleWebKit/537.36 (KHTML, like Gecko) Chrome/50.0.2661.102 Safari/537.36"
::1 - - [25/May/2016:08:07:21 +0000] "GET /diff/detail?_id=573b3ea998273968494e75e9 HTTP/1.1" 200 3729 "http://localhost:3000/diff/list/" "Mozilla/5.0 (Windows NT 6.1; WOW64) AppleWebKit/537.36 (KHTML, like Gecko) Chrome/50.0.2661.102 Safari/537.36"
::1 - - [25/May/2016:08:07:21 +0000] "GET /public/bootstrap/bootstrap.min.css HTTP/1.1" 304 - "http://localhost:3000/diff/detail?_id=573b3ea998273968494e75e9" "Mozilla/5.0 (Windows NT 6.1; WOW64) AppleWebKit/537.36 (KHTML, like Gecko) Chrome/50.0.2661.102 Safari/537.36"
::1 - - [25/May/2016:08:07:21 +0000] "GET /public/bootstrap/bootstrap-theme.min.css HTTP/1.1" 304 - "http://localhost:3000/diff/detail?_id=573b3ea998273968494e75e9" "Mozilla/5.0 (Windows NT 6.1; WOW64) AppleWebKit/537.36 (KHTML, like Gecko) Chrome/50.0.2661.102 Safari/537.36"
::1 - - [25/May/2016:08:07:21 +0000] "GET /public/js/jquery.js HTTP/1.1" 304 - "http://localhost:3000/diff/detail?_id=573b3ea998273968494e75e9" "Mozilla/5.0 (Windows NT 6.1; WOW64) AppleWebKit/537.36 (KHTML, like Gecko) Chrome/50.0.2661.102 Safari/537.36"
::1 - - [25/May/2016:08:07:21 +0000] "GET /public/bootstrap/bootstrap.min.js HTTP/1.1" 304 - "http://localhost:3000/diff/detail?_id=573b3ea998273968494e75e9" "Mozilla/5.0 (Windows NT 6.1; WOW64) AppleWebKit/537.36 (KHTML, like Gecko) Chrome/50.0.2661.102 Safari/537.36"
::1 - - [25/May/2016:08:07:21 +0000] "GET /public/stylesheets/style.css HTTP/1.1" 304 - "http://localhost:3000/diff/detail?_id=573b3ea998273968494e75e9" "Mozilla/5.0 (Windows NT 6.1; WOW64) AppleWebKit/537.36 (KHTML, like Gecko) Chrome/50.0.2661.102 Safari/537.36"
::1 - - [25/May/2016:08:07:21 +0000] "GET /capture/www.sina.com_1463500440414.png HTTP/1.1" 200 2769488 "http://localhost:3000/diff/detail?_id=573b3ea998273968494e75e9" "Mozilla/5.0 (Windows NT 6.1; WOW64) AppleWebKit/537.36 (KHTML, like Gecko) Chrome/50.0.2661.102 Safari/537.36"
::1 - - [25/May/2016:08:07:24 +0000] "GET /diff/detail?_id=573b401298273968494e75f5 HTTP/1.1" 200 3946 "http://localhost:3000/diff/list/" "Mozilla/5.0 (Windows NT 6.1; WOW64) AppleWebKit/537.36 (KHTML, like Gecko) Chrome/50.0.2661.102 Safari/537.36"
::1 - - [25/May/2016:08:07:24 +0000] "GET /public/bootstrap/bootstrap.min.css HTTP/1.1" 304 - "http://localhost:3000/diff/detail?_id=573b401298273968494e75f5" "Mozilla/5.0 (Windows NT 6.1; WOW64) AppleWebKit/537.36 (KHTML, like Gecko) Chrome/50.0.2661.102 Safari/537.36"
::1 - - [25/May/2016:08:07:24 +0000] "GET /public/bootstrap/bootstrap-theme.min.css HTTP/1.1" 304 - "http://localhost:3000/diff/detail?_id=573b401298273968494e75f5" "Mozilla/5.0 (Windows NT 6.1; WOW64) AppleWebKit/537.36 (KHTML, like Gecko) Chrome/50.0.2661.102 Safari/537.36"
::1 - - [25/May/2016:08:07:24 +0000] "GET /public/js/jquery.js HTTP/1.1" 304 - "http://localhost:3000/diff/detail?_id=573b401298273968494e75f5" "Mozilla/5.0 (Windows NT 6.1; WOW64) AppleWebKit/537.36 (KHTML, like Gecko) Chrome/50.0.2661.102 Safari/537.36"
::1 - - [25/May/2016:08:07:24 +0000] "GET /public/bootstrap/bootstrap.min.js HTTP/1.1" 304 - "http://localhost:3000/diff/detail?_id=573b401298273968494e75f5" "Mozilla/5.0 (Windows NT 6.1; WOW64) AppleWebKit/537.36 (KHTML, like Gecko) Chrome/50.0.2661.102 Safari/537.36"
::1 - - [25/May/2016:08:07:24 +0000] "GET /public/stylesheets/style.css HTTP/1.1" 304 - "http://localhost:3000/diff/detail?_id=573b401298273968494e75f5" "Mozilla/5.0 (Windows NT 6.1; WOW64) AppleWebKit/537.36 (KHTML, like Gecko) Chrome/50.0.2661.102 Safari/537.36"
::1 - - [25/May/2016:08:07:24 +0000] "GET /capture/www.sina.com_1463500440414.png HTTP/1.1" 304 - "http://localhost:3000/diff/detail?_id=573b401298273968494e75f5" "Mozilla/5.0 (Windows NT 6.1; WOW64) AppleWebKit/537.36 (KHTML, like Gecko) Chrome/50.0.2661.102 Safari/537.36"
::1 - - [25/May/2016:08:07:24 +0000] "GET /capture/www.sina.com_1463500800410.png HTTP/1.1" 200 2913223 "http://localhost:3000/diff/detail?_id=573b401298273968494e75f5" "Mozilla/5.0 (Windows NT 6.1; WOW64) AppleWebKit/537.36 (KHTML, like Gecko) Chrome/50.0.2661.102 Safari/537.36"
::1 - - [25/May/2016:08:07:24 +0000] "GET /capture/www.sina.com_1463500800410_diff.png HTTP/1.1" 200 3409268 "http://localhost:3000/diff/detail?_id=573b401298273968494e75f5" "Mozilla/5.0 (Windows NT 6.1; WOW64) AppleWebKit/537.36 (KHTML, like Gecko) Chrome/50.0.2661.102 Safari/537.36"
::1 - - [25/May/2016:08:11:36 +0000] "GET /public/bootstrap/bootstrap.min.css HTTP/1.1" 304 - "http://localhost:3000/diff/list/" "Mozilla/5.0 (Windows NT 6.1; WOW64) AppleWebKit/537.36 (KHTML, like Gecko) Chrome/50.0.2661.102 Safari/537.36"
::1 - - [25/May/2016:08:11:36 +0000] "GET /public/bootstrap/bootstrap-theme.min.css HTTP/1.1" 304 - "http://localhost:3000/diff/list/" "Mozilla/5.0 (Windows NT 6.1; WOW64) AppleWebKit/537.36 (KHTML, like Gecko) Chrome/50.0.2661.102 Safari/537.36"
::1 - - [25/May/2016:08:11:36 +0000] "GET /public/stylesheets/style.css HTTP/1.1" 304 - "http://localhost:3000/diff/list/" "Mozilla/5.0 (Windows NT 6.1; WOW64) AppleWebKit/537.36 (KHTML, like Gecko) Chrome/50.0.2661.102 Safari/537.36"
::1 - - [25/May/2016:08:36:17 +0000] "GET /task/queue HTTP/1.1" 404 1143 "-" "Mozilla/5.0 (Windows NT 6.1; WOW64) AppleWebKit/537.36 (KHTML, like Gecko) Chrome/50.0.2661.102 Safari/537.36"
::1 - - [25/May/2016:08:36:37 +0000] "GET /task/queue HTTP/1.1" 404 1143 "-" "Mozilla/5.0 (Windows NT 6.1; WOW64) AppleWebKit/537.36 (KHTML, like Gecko) Chrome/50.0.2661.102 Safari/537.36"
::1 - - [25/May/2016:08:36:38 +0000] "GET /task/queue HTTP/1.1" 404 1143 "-" "Mozilla/5.0 (Windows NT 6.1; WOW64) AppleWebKit/537.36 (KHTML, like Gecko) Chrome/50.0.2661.102 Safari/537.36"
::1 - - [25/May/2016:08:36:39 +0000] "GET /task/queue HTTP/1.1" 404 1143 "-" "Mozilla/5.0 (Windows NT 6.1; WOW64) AppleWebKit/537.36 (KHTML, like Gecko) Chrome/50.0.2661.102 Safari/537.36"
::1 - - [25/May/2016:08:36:46 +0000] "GET /task/queue HTTP/1.1" 404 1143 "-" "Mozilla/5.0 (Windows NT 6.1; WOW64) AppleWebKit/537.36 (KHTML, like Gecko) Chrome/50.0.2661.102 Safari/537.36"
::1 - - [25/May/2016:08:38:01 +0000] "GET /task/run HTTP/1.1" 404 1143 "-" "Mozilla/5.0 (Windows NT 6.1; WOW64) AppleWebKit/537.36 (KHTML, like Gecko) Chrome/50.0.2661.102 Safari/537.36"
::1 - - [25/May/2016:08:38:09 +0000] "GET /task/list HTTP/1.1" 304 - "-" "Mozilla/5.0 (Windows NT 6.1; WOW64) AppleWebKit/537.36 (KHTML, like Gecko) Chrome/50.0.2661.102 Safari/537.36"
::1 - - [25/May/2016:08:38:09 +0000] "GET /public/bootstrap/bootstrap.min.css HTTP/1.1" 304 - "http://localhost:3000/task/list" "Mozilla/5.0 (Windows NT 6.1; WOW64) AppleWebKit/537.36 (KHTML, like Gecko) Chrome/50.0.2661.102 Safari/537.36"
::1 - - [25/May/2016:08:38:09 +0000] "GET /public/bootstrap/bootstrap-theme.min.css HTTP/1.1" 304 - "http://localhost:3000/task/list" "Mozilla/5.0 (Windows NT 6.1; WOW64) AppleWebKit/537.36 (KHTML, like Gecko) Chrome/50.0.2661.102 Safari/537.36"
::1 - - [25/May/2016:08:38:09 +0000] "GET /public/stylesheets/style.css HTTP/1.1" 304 - "http://localhost:3000/task/list" "Mozilla/5.0 (Windows NT 6.1; WOW64) AppleWebKit/537.36 (KHTML, like Gecko) Chrome/50.0.2661.102 Safari/537.36"
::1 - - [25/May/2016:08:38:09 +0000] "GET /public/js/jquery.js HTTP/1.1" 304 - "http://localhost:3000/task/list" "Mozilla/5.0 (Windows NT 6.1; WOW64) AppleWebKit/537.36 (KHTML, like Gecko) Chrome/50.0.2661.102 Safari/537.36"
::1 - - [25/May/2016:08:38:09 +0000] "GET /public/js/vue.js HTTP/1.1" 304 - "http://localhost:3000/task/list" "Mozilla/5.0 (Windows NT 6.1; WOW64) AppleWebKit/537.36 (KHTML, like Gecko) Chrome/50.0.2661.102 Safari/537.36"
::1 - - [25/May/2016:08:38:09 +0000] "GET /public/bootstrap/bootstrap.min.js HTTP/1.1" 304 - "http://localhost:3000/task/list" "Mozilla/5.0 (Windows NT 6.1; WOW64) AppleWebKit/537.36 (KHTML, like Gecko) Chrome/50.0.2661.102 Safari/537.36"
::1 - - [25/May/2016:08:38:12 +0000] "GET /task/run HTTP/1.1" 404 1143 "-" "Mozilla/5.0 (Windows NT 6.1; WOW64) AppleWebKit/537.36 (KHTML, like Gecko) Chrome/50.0.2661.102 Safari/537.36"
::1 - - [25/May/2016:08:38:38 +0000] "GET /api/task/run HTTP/1.1" 200 27 "-" "Mozilla/5.0 (Windows NT 6.1; WOW64) AppleWebKit/537.36 (KHTML, like Gecko) Chrome/50.0.2661.102 Safari/537.36"
::1 - - [25/May/2016:08:38:43 +0000] "GET /api/task/queue HTTP/1.1" 200 301 "-" "Mozilla/5.0 (Windows NT 6.1; WOW64) AppleWebKit/537.36 (KHTML, like Gecko) Chrome/50.0.2661.102 Safari/537.36"
::1 - - [25/May/2016:08:40:12 +0000] "GET /task/list HTTP/1.1" 304 - "-" "Mozilla/5.0 (Windows NT 6.1; WOW64) AppleWebKit/537.36 (KHTML, like Gecko) Chrome/50.0.2661.102 Safari/537.36"
::1 - - [25/May/2016:08:40:13 +0000] "GET /public/bootstrap/bootstrap.min.css HTTP/1.1" 304 - "http://localhost:3000/task/list" "Mozilla/5.0 (Windows NT 6.1; WOW64) AppleWebKit/537.36 (KHTML, like Gecko) Chrome/50.0.2661.102 Safari/537.36"
::1 - - [25/May/2016:08:40:13 +0000] "GET /public/bootstrap/bootstrap-theme.min.css HTTP/1.1" 304 - "http://localhost:3000/task/list" "Mozilla/5.0 (Windows NT 6.1; WOW64) AppleWebKit/537.36 (KHTML, like Gecko) Chrome/50.0.2661.102 Safari/537.36"
::1 - - [25/May/2016:08:40:13 +0000] "GET /public/stylesheets/style.css HTTP/1.1" 304 - "http://localhost:3000/task/list" "Mozilla/5.0 (Windows NT 6.1; WOW64) AppleWebKit/537.36 (KHTML, like Gecko) Chrome/50.0.2661.102 Safari/537.36"
::1 - - [25/May/2016:08:40:13 +0000] "GET /public/js/jquery.js HTTP/1.1" 304 - "http://localhost:3000/task/list" "Mozilla/5.0 (Windows NT 6.1; WOW64) AppleWebKit/537.36 (KHTML, like Gecko) Chrome/50.0.2661.102 Safari/537.36"
::1 - - [25/May/2016:08:40:13 +0000] "GET /public/js/vue.js HTTP/1.1" 304 - "http://localhost:3000/task/list" "Mozilla/5.0 (Windows NT 6.1; WOW64) AppleWebKit/537.36 (KHTML, like Gecko) Chrome/50.0.2661.102 Safari/537.36"
::1 - - [25/May/2016:08:40:13 +0000] "GET /public/bootstrap/bootstrap.min.js HTTP/1.1" 304 - "http://localhost:3000/task/list" "Mozilla/5.0 (Windows NT 6.1; WOW64) AppleWebKit/537.36 (KHTML, like Gecko) Chrome/50.0.2661.102 Safari/537.36"
::1 - - [25/May/2016:08:46:35 +0000] "GET /api/task/queue HTTP/1.1" 200 1438 "-" "Mozilla/5.0 (Windows NT 6.1; WOW64) AppleWebKit/537.36 (KHTML, like Gecko) Chrome/50.0.2661.102 Safari/537.36"
::1 - - [25/May/2016:09:47:52 +0000] "GET /api/task/queue HTTP/1.1" 304 - "-" "Mozilla/5.0 (Windows NT 6.1; WOW64) AppleWebKit/537.36 (KHTML, like Gecko) Chrome/50.0.2661.102 Safari/537.36"
::1 - - [25/May/2016:09:48:02 +0000] "DELETE /api/task/573c22da19a91e084a72668d HTTP/1.1" 200 50 "http://localhost:3000/task/list" "Mozilla/5.0 (Windows NT 6.1; WOW64) AppleWebKit/537.36 (KHTML, like Gecko) Chrome/50.0.2661.102 Safari/537.36"
::1 - - [25/May/2016:09:48:03 +0000] "GET /task/list HTTP/1.1" 200 15414 "http://localhost:3000/task/list" "Mozilla/5.0 (Windows NT 6.1; WOW64) AppleWebKit/537.36 (KHTML, like Gecko) Chrome/50.0.2661.102 Safari/537.36"
::1 - - [25/May/2016:09:48:04 +0000] "GET /public/bootstrap/bootstrap.min.css HTTP/1.1" 304 - "http://localhost:3000/task/list" "Mozilla/5.0 (Windows NT 6.1; WOW64) AppleWebKit/537.36 (KHTML, like Gecko) Chrome/50.0.2661.102 Safari/537.36"
::1 - - [25/May/2016:09:48:04 +0000] "GET /public/bootstrap/bootstrap-theme.min.css HTTP/1.1" 304 - "http://localhost:3000/task/list" "Mozilla/5.0 (Windows NT 6.1; WOW64) AppleWebKit/537.36 (KHTML, like Gecko) Chrome/50.0.2661.102 Safari/537.36"
::1 - - [25/May/2016:09:48:04 +0000] "GET /public/stylesheets/style.css HTTP/1.1" 304 - "http://localhost:3000/task/list" "Mozilla/5.0 (Windows NT 6.1; WOW64) AppleWebKit/537.36 (KHTML, like Gecko) Chrome/50.0.2661.102 Safari/537.36"
::1 - - [25/May/2016:09:48:04 +0000] "GET /public/js/jquery.js HTTP/1.1" 304 - "http://localhost:3000/task/list" "Mozilla/5.0 (Windows NT 6.1; WOW64) AppleWebKit/537.36 (KHTML, like Gecko) Chrome/50.0.2661.102 Safari/537.36"
::1 - - [25/May/2016:09:48:04 +0000] "GET /public/js/vue.js HTTP/1.1" 304 - "http://localhost:3000/task/list" "Mozilla/5.0 (Windows NT 6.1; WOW64) AppleWebKit/537.36 (KHTML, like Gecko) Chrome/50.0.2661.102 Safari/537.36"
::1 - - [25/May/2016:09:48:04 +0000] "GET /public/bootstrap/bootstrap.min.js HTTP/1.1" 304 - "http://localhost:3000/task/list" "Mozilla/5.0 (Windows NT 6.1; WOW64) AppleWebKit/537.36 (KHTML, like Gecko) Chrome/50.0.2661.102 Safari/537.36"
::1 - - [25/May/2016:09:48:06 +0000] "DELETE /api/task/573af4f1883c694045b9ea2b HTTP/1.1" 200 50 "http://localhost:3000/task/list" "Mozilla/5.0 (Windows NT 6.1; WOW64) AppleWebKit/537.36 (KHTML, like Gecko) Chrome/50.0.2661.102 Safari/537.36"
::1 - - [25/May/2016:09:48:07 +0000] "GET /task/list HTTP/1.1" 200 15133 "http://localhost:3000/task/list" "Mozilla/5.0 (Windows NT 6.1; WOW64) AppleWebKit/537.36 (KHTML, like Gecko) Chrome/50.0.2661.102 Safari/537.36"
::1 - - [25/May/2016:09:48:07 +0000] "GET /public/bootstrap/bootstrap.min.css HTTP/1.1" 304 - "http://localhost:3000/task/list" "Mozilla/5.0 (Windows NT 6.1; WOW64) AppleWebKit/537.36 (KHTML, like Gecko) Chrome/50.0.2661.102 Safari/537.36"
::1 - - [25/May/2016:09:48:07 +0000] "GET /public/bootstrap/bootstrap-theme.min.css HTTP/1.1" 304 - "http://localhost:3000/task/list" "Mozilla/5.0 (Windows NT 6.1; WOW64) AppleWebKit/537.36 (KHTML, like Gecko) Chrome/50.0.2661.102 Safari/537.36"
::1 - - [25/May/2016:09:48:07 +0000] "GET /public/stylesheets/style.css HTTP/1.1" 304 - "http://localhost:3000/task/list" "Mozilla/5.0 (Windows NT 6.1; WOW64) AppleWebKit/537.36 (KHTML, like Gecko) Chrome/50.0.2661.102 Safari/537.36"
::1 - - [25/May/2016:09:48:07 +0000] "GET /public/js/jquery.js HTTP/1.1" 304 - "http://localhost:3000/task/list" "Mozilla/5.0 (Windows NT 6.1; WOW64) AppleWebKit/537.36 (KHTML, like Gecko) Chrome/50.0.2661.102 Safari/537.36"
::1 - - [25/May/2016:09:48:07 +0000] "GET /public/js/vue.js HTTP/1.1" 304 - "http://localhost:3000/task/list" "Mozilla/5.0 (Windows NT 6.1; WOW64) AppleWebKit/537.36 (KHTML, like Gecko) Chrome/50.0.2661.102 Safari/537.36"
::1 - - [25/May/2016:09:48:07 +0000] "GET /public/bootstrap/bootstrap.min.js HTTP/1.1" 304 - "http://localhost:3000/task/list" "Mozilla/5.0 (Windows NT 6.1; WOW64) AppleWebKit/537.36 (KHTML, like Gecko) Chrome/50.0.2661.102 Safari/537.36"
::1 - - [25/May/2016:09:48:10 +0000] "GET /api/task/queue HTTP/1.1" 200 1434 "-" "Mozilla/5.0 (Windows NT 6.1; WOW64) AppleWebKit/537.36 (KHTML, like Gecko) Chrome/50.0.2661.102 Safari/537.36"
::1 - - [25/May/2016:10:04:15 +0000] "GET /api/task/queue HTTP/1.1" 200 663 "-" "Mozilla/5.0 (Windows NT 6.1; WOW64) AppleWebKit/537.36 (KHTML, like Gecko) Chrome/50.0.2661.102 Safari/537.36"
::1 - - [25/May/2016:10:04:17 +0000] "GET /task/list HTTP/1.1" 304 - "http://localhost:3000/task/list" "Mozilla/5.0 (Windows NT 6.1; WOW64) AppleWebKit/537.36 (KHTML, like Gecko) Chrome/50.0.2661.102 Safari/537.36"
::1 - - [25/May/2016:10:04:18 +0000] "GET /public/bootstrap/bootstrap.min.css HTTP/1.1" 304 - "http://localhost:3000/task/list" "Mozilla/5.0 (Windows NT 6.1; WOW64) AppleWebKit/537.36 (KHTML, like Gecko) Chrome/50.0.2661.102 Safari/537.36"
::1 - - [25/May/2016:10:04:18 +0000] "GET /public/bootstrap/bootstrap-theme.min.css HTTP/1.1" 304 - "http://localhost:3000/task/list" "Mozilla/5.0 (Windows NT 6.1; WOW64) AppleWebKit/537.36 (KHTML, like Gecko) Chrome/50.0.2661.102 Safari/537.36"
::1 - - [25/May/2016:10:04:18 +0000] "GET /public/stylesheets/style.css HTTP/1.1" 304 - "http://localhost:3000/task/list" "Mozilla/5.0 (Windows NT 6.1; WOW64) AppleWebKit/537.36 (KHTML, like Gecko) Chrome/50.0.2661.102 Safari/537.36"
::1 - - [25/May/2016:10:04:18 +0000] "GET /public/js/jquery.js HTTP/1.1" 304 - "http://localhost:3000/task/list" "Mozilla/5.0 (Windows NT 6.1; WOW64) AppleWebKit/537.36 (KHTML, like Gecko) Chrome/50.0.2661.102 Safari/537.36"
::1 - - [25/May/2016:10:04:18 +0000] "GET /public/js/vue.js HTTP/1.1" 304 - "http://localhost:3000/task/list" "Mozilla/5.0 (Windows NT 6.1; WOW64) AppleWebKit/537.36 (KHTML, like Gecko) Chrome/50.0.2661.102 Safari/537.36"
::1 - - [25/May/2016:10:04:18 +0000] "GET /public/bootstrap/bootstrap.min.js HTTP/1.1" 304 - "http://localhost:3000/task/list" "Mozilla/5.0 (Windows NT 6.1; WOW64) AppleWebKit/537.36 (KHTML, like Gecko) Chrome/50.0.2661.102 Safari/537.36"
::1 - - [25/May/2016:10:04:58 +0000] "PUT /api/task/573af109883c694045b9ea29 HTTP/1.1" 200 95 "http://localhost:3000/task/list" "Mozilla/5.0 (Windows NT 6.1; WOW64) AppleWebKit/537.36 (KHTML, like Gecko) Chrome/50.0.2661.102 Safari/537.36"
::1 - - [25/May/2016:10:04:59 +0000] "GET /task/list HTTP/1.1" 200 15173 "http://localhost:3000/task/list" "Mozilla/5.0 (Windows NT 6.1; WOW64) AppleWebKit/537.36 (KHTML, like Gecko) Chrome/50.0.2661.102 Safari/537.36"
::1 - - [25/May/2016:10:05:00 +0000] "GET /public/bootstrap/bootstrap.min.css HTTP/1.1" 304 - "http://localhost:3000/task/list" "Mozilla/5.0 (Windows NT 6.1; WOW64) AppleWebKit/537.36 (KHTML, like Gecko) Chrome/50.0.2661.102 Safari/537.36"
::1 - - [25/May/2016:10:05:00 +0000] "GET /public/bootstrap/bootstrap-theme.min.css HTTP/1.1" 304 - "http://localhost:3000/task/list" "Mozilla/5.0 (Windows NT 6.1; WOW64) AppleWebKit/537.36 (KHTML, like Gecko) Chrome/50.0.2661.102 Safari/537.36"
::1 - - [25/May/2016:10:05:00 +0000] "GET /public/stylesheets/style.css HTTP/1.1" 304 - "http://localhost:3000/task/list" "Mozilla/5.0 (Windows NT 6.1; WOW64) AppleWebKit/537.36 (KHTML, like Gecko) Chrome/50.0.2661.102 Safari/537.36"
::1 - - [25/May/2016:10:05:00 +0000] "GET /public/js/jquery.js HTTP/1.1" 304 - "http://localhost:3000/task/list" "Mozilla/5.0 (Windows NT 6.1; WOW64) AppleWebKit/537.36 (KHTML, like Gecko) Chrome/50.0.2661.102 Safari/537.36"
::1 - - [25/May/2016:10:05:00 +0000] "GET /public/js/vue.js HTTP/1.1" 304 - "http://localhost:3000/task/list" "Mozilla/5.0 (Windows NT 6.1; WOW64) AppleWebKit/537.36 (KHTML, like Gecko) Chrome/50.0.2661.102 Safari/537.36"
::1 - - [25/May/2016:10:05:00 +0000] "GET /public/bootstrap/bootstrap.min.js HTTP/1.1" 304 - "http://localhost:3000/task/list" "Mozilla/5.0 (Windows NT 6.1; WOW64) AppleWebKit/537.36 (KHTML, like Gecko) Chrome/50.0.2661.102 Safari/537.36"
::1 - - [25/May/2016:10:05:01 +0000] "GET /api/task/queue HTTP/1.1" 200 663 "-" "Mozilla/5.0 (Windows NT 6.1; WOW64) AppleWebKit/537.36 (KHTML, like Gecko) Chrome/50.0.2661.102 Safari/537.36"
::1 - - [25/May/2016:10:05:21 +0000] "PUT /api/task/573af109883c694045b9ea29 HTTP/1.1" 200 95 "http://localhost:3000/task/list" "Mozilla/5.0 (Windows NT 6.1; WOW64) AppleWebKit/537.36 (KHTML, like Gecko) Chrome/50.0.2661.102 Safari/537.36"
::1 - - [25/May/2016:10:05:24 +0000] "GET /task/list HTTP/1.1" 200 15173 "http://localhost:3000/task/list" "Mozilla/5.0 (Windows NT 6.1; WOW64) AppleWebKit/537.36 (KHTML, like Gecko) Chrome/50.0.2661.102 Safari/537.36"
::1 - - [25/May/2016:10:05:24 +0000] "GET /public/bootstrap/bootstrap.min.css HTTP/1.1" 304 - "http://localhost:3000/task/list" "Mozilla/5.0 (Windows NT 6.1; WOW64) AppleWebKit/537.36 (KHTML, like Gecko) Chrome/50.0.2661.102 Safari/537.36"
::1 - - [25/May/2016:10:05:24 +0000] "GET /public/bootstrap/bootstrap-theme.min.css HTTP/1.1" 304 - "http://localhost:3000/task/list" "Mozilla/5.0 (Windows NT 6.1; WOW64) AppleWebKit/537.36 (KHTML, like Gecko) Chrome/50.0.2661.102 Safari/537.36"
::1 - - [25/May/2016:10:05:24 +0000] "GET /public/stylesheets/style.css HTTP/1.1" 304 - "http://localhost:3000/task/list" "Mozilla/5.0 (Windows NT 6.1; WOW64) AppleWebKit/537.36 (KHTML, like Gecko) Chrome/50.0.2661.102 Safari/537.36"
::1 - - [25/May/2016:10:05:24 +0000] "GET /public/js/jquery.js HTTP/1.1" 304 - "http://localhost:3000/task/list" "Mozilla/5.0 (Windows NT 6.1; WOW64) AppleWebKit/537.36 (KHTML, like Gecko) Chrome/50.0.2661.102 Safari/537.36"
::1 - - [25/May/2016:10:05:24 +0000] "GET /public/js/vue.js HTTP/1.1" 304 - "http://localhost:3000/task/list" "Mozilla/5.0 (Windows NT 6.1; WOW64) AppleWebKit/537.36 (KHTML, like Gecko) Chrome/50.0.2661.102 Safari/537.36"
::1 - - [25/May/2016:10:05:24 +0000] "GET /public/bootstrap/bootstrap.min.js HTTP/1.1" 304 - "http://localhost:3000/task/list" "Mozilla/5.0 (Windows NT 6.1; WOW64) AppleWebKit/537.36 (KHTML, like Gecko) Chrome/50.0.2661.102 Safari/537.36"
::1 - - [25/May/2016:10:06:44 +0000] "PUT /api/task/573af109883c694045b9ea29 HTTP/1.1" 200 95 "http://localhost:3000/task/list" "Mozilla/5.0 (Windows NT 6.1; WOW64) AppleWebKit/537.36 (KHTML, like Gecko) Chrome/50.0.2661.102 Safari/537.36"
::1 - - [25/May/2016:10:09:39 +0000] "GET /task/list HTTP/1.1" 200 15173 "http://localhost:3000/task/list" "Mozilla/5.0 (Windows NT 6.1; WOW64) AppleWebKit/537.36 (KHTML, like Gecko) Chrome/50.0.2661.102 Safari/537.36"
::1 - - [25/May/2016:10:09:40 +0000] "GET /public/bootstrap/bootstrap.min.css HTTP/1.1" 304 - "http://localhost:3000/task/list" "Mozilla/5.0 (Windows NT 6.1; WOW64) AppleWebKit/537.36 (KHTML, like Gecko) Chrome/50.0.2661.102 Safari/537.36"
::1 - - [25/May/2016:10:09:40 +0000] "GET /public/bootstrap/bootstrap-theme.min.css HTTP/1.1" 304 - "http://localhost:3000/task/list" "Mozilla/5.0 (Windows NT 6.1; WOW64) AppleWebKit/537.36 (KHTML, like Gecko) Chrome/50.0.2661.102 Safari/537.36"
::1 - - [25/May/2016:10:09:40 +0000] "GET /public/stylesheets/style.css HTTP/1.1" 304 - "http://localhost:3000/task/list" "Mozilla/5.0 (Windows NT 6.1; WOW64) AppleWebKit/537.36 (KHTML, like Gecko) Chrome/50.0.2661.102 Safari/537.36"
::1 - - [25/May/2016:10:09:40 +0000] "GET /public/js/jquery.js HTTP/1.1" 304 - "http://localhost:3000/task/list" "Mozilla/5.0 (Windows NT 6.1; WOW64) AppleWebKit/537.36 (KHTML, like Gecko) Chrome/50.0.2661.102 Safari/537.36"
::1 - - [25/May/2016:10:09:40 +0000] "GET /public/js/vue.js HTTP/1.1" 304 - "http://localhost:3000/task/list" "Mozilla/5.0 (Windows NT 6.1; WOW64) AppleWebKit/537.36 (KHTML, like Gecko) Chrome/50.0.2661.102 Safari/537.36"
::1 - - [25/May/2016:10:09:40 +0000] "GET /public/bootstrap/bootstrap.min.js HTTP/1.1" 304 - "http://localhost:3000/task/list" "Mozilla/5.0 (Windows NT 6.1; WOW64) AppleWebKit/537.36 (KHTML, like Gecko) Chrome/50.0.2661.102 Safari/537.36"
::1 - - [25/May/2016:10:09:53 +0000] "PUT /api/task/573af109883c694045b9ea29 HTTP/1.1" 200 95 "http://localhost:3000/task/list" "Mozilla/5.0 (Windows NT 6.1; WOW64) AppleWebKit/537.36 (KHTML, like Gecko) Chrome/50.0.2661.102 Safari/537.36"
::1 - - [25/May/2016:10:10:17 +0000] "GET /task/list HTTP/1.1" 200 15173 "http://localhost:3000/task/list" "Mozilla/5.0 (Windows NT 6.1; WOW64) AppleWebKit/537.36 (KHTML, like Gecko) Chrome/50.0.2661.102 Safari/537.36"
::1 - - [25/May/2016:10:10:17 +0000] "GET /public/bootstrap/bootstrap.min.css HTTP/1.1" 304 - "http://localhost:3000/task/list" "Mozilla/5.0 (Windows NT 6.1; WOW64) AppleWebKit/537.36 (KHTML, like Gecko) Chrome/50.0.2661.102 Safari/537.36"
::1 - - [25/May/2016:10:10:17 +0000] "GET /public/bootstrap/bootstrap-theme.min.css HTTP/1.1" 304 - "http://localhost:3000/task/list" "Mozilla/5.0 (Windows NT 6.1; WOW64) AppleWebKit/537.36 (KHTML, like Gecko) Chrome/50.0.2661.102 Safari/537.36"
::1 - - [25/May/2016:10:10:17 +0000] "GET /public/stylesheets/style.css HTTP/1.1" 304 - "http://localhost:3000/task/list" "Mozilla/5.0 (Windows NT 6.1; WOW64) AppleWebKit/537.36 (KHTML, like Gecko) Chrome/50.0.2661.102 Safari/537.36"
::1 - - [25/May/2016:10:10:17 +0000] "GET /public/js/jquery.js HTTP/1.1" 304 - "http://localhost:3000/task/list" "Mozilla/5.0 (Windows NT 6.1; WOW64) AppleWebKit/537.36 (KHTML, like Gecko) Chrome/50.0.2661.102 Safari/537.36"
::1 - - [25/May/2016:10:10:17 +0000] "GET /public/js/vue.js HTTP/1.1" 304 - "http://localhost:3000/task/list" "Mozilla/5.0 (Windows NT 6.1; WOW64) AppleWebKit/537.36 (KHTML, like Gecko) Chrome/50.0.2661.102 Safari/537.36"
::1 - - [25/May/2016:10:10:17 +0000] "GET /public/bootstrap/bootstrap.min.js HTTP/1.1" 304 - "http://localhost:3000/task/list" "Mozilla/5.0 (Windows NT 6.1; WOW64) AppleWebKit/537.36 (KHTML, like Gecko) Chrome/50.0.2661.102 Safari/537.36"
::1 - - [25/May/2016:10:10:19 +0000] "GET /api/task/queue HTTP/1.1" 200 703 "-" "Mozilla/5.0 (Windows NT 6.1; WOW64) AppleWebKit/537.36 (KHTML, like Gecko) Chrome/50.0.2661.102 Safari/537.36"
::1 - - [25/May/2016:10:10:21 +0000] "GET /api/task/queue HTTP/1.1" 304 - "-" "Mozilla/5.0 (Windows NT 6.1; WOW64) AppleWebKit/537.36 (KHTML, like Gecko) Chrome/50.0.2661.102 Safari/537.36"
::1 - - [25/May/2016:10:10:21 +0000] "GET /api/task/queue HTTP/1.1" 304 - "-" "Mozilla/5.0 (Windows NT 6.1; WOW64) AppleWebKit/537.36 (KHTML, like Gecko) Chrome/50.0.2661.102 Safari/537.36"
::1 - - [25/May/2016:10:10:22 +0000] "GET /api/task/queue HTTP/1.1" 304 - "-" "Mozilla/5.0 (Windows NT 6.1; WOW64) AppleWebKit/537.36 (KHTML, like Gecko) Chrome/50.0.2661.102 Safari/537.36"
::1 - - [25/May/2016:10:10:22 +0000] "GET /api/task/queue HTTP/1.1" 304 - "-" "Mozilla/5.0 (Windows NT 6.1; WOW64) AppleWebKit/537.36 (KHTML, like Gecko) Chrome/50.0.2661.102 Safari/537.36"
::1 - - [25/May/2016:10:22:52 +0000] "GET /api/task/queue HTTP/1.1" 304 - "-" "Mozilla/5.0 (Windows NT 6.1; WOW64) AppleWebKit/537.36 (KHTML, like Gecko) Chrome/50.0.2661.102 Safari/537.36"
::1 - - [25/May/2016:10:22:54 +0000] "GET /api/task/queue HTTP/1.1" 304 - "-" "Mozilla/5.0 (Windows NT 6.1; WOW64) AppleWebKit/537.36 (KHTML, like Gecko) Chrome/50.0.2661.102 Safari/537.36"
::1 - - [25/May/2016:10:22:54 +0000] "GET /api/task/queue HTTP/1.1" 304 - "-" "Mozilla/5.0 (Windows NT 6.1; WOW64) AppleWebKit/537.36 (KHTML, like Gecko) Chrome/50.0.2661.102 Safari/537.36"
::1 - - [25/May/2016:10:24:18 +0000] "GET /api/task/queue HTTP/1.1" 200 703 "-" "Mozilla/5.0 (Windows NT 6.1; WOW64) AppleWebKit/537.36 (KHTML, like Gecko) Chrome/50.0.2661.102 Safari/537.36"
::1 - - [25/May/2016:10:24:28 +0000] "PUT /api/task/573af109883c694045b9ea29 HTTP/1.1" 200 95 "http://localhost:3000/task/list" "Mozilla/5.0 (Windows NT 6.1; WOW64) AppleWebKit/537.36 (KHTML, like Gecko) Chrome/50.0.2661.102 Safari/537.36"
::1 - - [25/May/2016:10:26:27 +0000] "GET /task/list HTTP/1.1" 200 15173 "http://localhost:3000/task/list" "Mozilla/5.0 (Windows NT 6.1; WOW64) AppleWebKit/537.36 (KHTML, like Gecko) Chrome/50.0.2661.102 Safari/537.36"
::1 - - [25/May/2016:10:26:28 +0000] "GET /public/bootstrap/bootstrap.min.css HTTP/1.1" 304 - "http://localhost:3000/task/list" "Mozilla/5.0 (Windows NT 6.1; WOW64) AppleWebKit/537.36 (KHTML, like Gecko) Chrome/50.0.2661.102 Safari/537.36"
::1 - - [25/May/2016:10:26:28 +0000] "GET /public/stylesheets/style.css HTTP/1.1" 304 - "http://localhost:3000/task/list" "Mozilla/5.0 (Windows NT 6.1; WOW64) AppleWebKit/537.36 (KHTML, like Gecko) Chrome/50.0.2661.102 Safari/537.36"
::1 - - [25/May/2016:10:26:28 +0000] "GET /public/js/jquery.js HTTP/1.1" 304 - "http://localhost:3000/task/list" "Mozilla/5.0 (Windows NT 6.1; WOW64) AppleWebKit/537.36 (KHTML, like Gecko) Chrome/50.0.2661.102 Safari/537.36"
::1 - - [25/May/2016:10:26:28 +0000] "GET /public/bootstrap/bootstrap.min.js HTTP/1.1" 304 - "http://localhost:3000/task/list" "Mozilla/5.0 (Windows NT 6.1; WOW64) AppleWebKit/537.36 (KHTML, like Gecko) Chrome/50.0.2661.102 Safari/537.36"
::1 - - [25/May/2016:10:26:28 +0000] "GET /public/js/vue.js HTTP/1.1" 304 - "http://localhost:3000/task/list" "Mozilla/5.0 (Windows NT 6.1; WOW64) AppleWebKit/537.36 (KHTML, like Gecko) Chrome/50.0.2661.102 Safari/537.36"
::1 - - [25/May/2016:10:26:28 +0000] "GET /public/bootstrap/bootstrap-theme.min.css HTTP/1.1" 304 - "http://localhost:3000/task/list" "Mozilla/5.0 (Windows NT 6.1; WOW64) AppleWebKit/537.36 (KHTML, like Gecko) Chrome/50.0.2661.102 Safari/537.36"
::1 - - [25/May/2016:10:28:37 +0000] "PUT /api/task/573af109883c694045b9ea29 HTTP/1.1" 200 95 "http://localhost:3000/task/list" "Mozilla/5.0 (Windows NT 6.1; WOW64) AppleWebKit/537.36 (KHTML, like Gecko) Chrome/50.0.2661.102 Safari/537.36"
::1 - - [25/May/2016:10:31:35 +0000] "GET /task/list HTTP/1.1" 200 15173 "http://localhost:3000/task/list" "Mozilla/5.0 (Windows NT 6.1; WOW64) AppleWebKit/537.36 (KHTML, like Gecko) Chrome/50.0.2661.102 Safari/537.36"
::1 - - [25/May/2016:10:31:35 +0000] "GET /public/bootstrap/bootstrap.min.css HTTP/1.1" 304 - "http://localhost:3000/task/list" "Mozilla/5.0 (Windows NT 6.1; WOW64) AppleWebKit/537.36 (KHTML, like Gecko) Chrome/50.0.2661.102 Safari/537.36"
::1 - - [25/May/2016:10:31:35 +0000] "GET /public/bootstrap/bootstrap-theme.min.css HTTP/1.1" 304 - "http://localhost:3000/task/list" "Mozilla/5.0 (Windows NT 6.1; WOW64) AppleWebKit/537.36 (KHTML, like Gecko) Chrome/50.0.2661.102 Safari/537.36"
::1 - - [25/May/2016:10:31:35 +0000] "GET /public/stylesheets/style.css HTTP/1.1" 304 - "http://localhost:3000/task/list" "Mozilla/5.0 (Windows NT 6.1; WOW64) AppleWebKit/537.36 (KHTML, like Gecko) Chrome/50.0.2661.102 Safari/537.36"
::1 - - [25/May/2016:10:31:35 +0000] "GET /public/js/jquery.js HTTP/1.1" 304 - "http://localhost:3000/task/list" "Mozilla/5.0 (Windows NT 6.1; WOW64) AppleWebKit/537.36 (KHTML, like Gecko) Chrome/50.0.2661.102 Safari/537.36"
::1 - - [25/May/2016:10:31:35 +0000] "GET /public/js/vue.js HTTP/1.1" 304 - "http://localhost:3000/task/list" "Mozilla/5.0 (Windows NT 6.1; WOW64) AppleWebKit/537.36 (KHTML, like Gecko) Chrome/50.0.2661.102 Safari/537.36"
::1 - - [25/May/2016:10:31:35 +0000] "GET /public/bootstrap/bootstrap.min.js HTTP/1.1" 304 - "http://localhost:3000/task/list" "Mozilla/5.0 (Windows NT 6.1; WOW64) AppleWebKit/537.36 (KHTML, like Gecko) Chrome/50.0.2661.102 Safari/537.36"
::1 - - [25/May/2016:10:31:45 +0000] "PUT /api/task/573af109883c694045b9ea29 HTTP/1.1" 200 95 "http://localhost:3000/task/list" "Mozilla/5.0 (Windows NT 6.1; WOW64) AppleWebKit/537.36 (KHTML, like Gecko) Chrome/50.0.2661.102 Safari/537.36"
::1 - - [25/May/2016:10:32:42 +0000] "GET /task/list HTTP/1.1" 200 15173 "http://localhost:3000/task/list" "Mozilla/5.0 (Windows NT 6.1; WOW64) AppleWebKit/537.36 (KHTML, like Gecko) Chrome/50.0.2661.102 Safari/537.36"
::1 - - [25/May/2016:10:32:42 +0000] "GET /public/bootstrap/bootstrap.min.css HTTP/1.1" 304 - "http://localhost:3000/task/list" "Mozilla/5.0 (Windows NT 6.1; WOW64) AppleWebKit/537.36 (KHTML, like Gecko) Chrome/50.0.2661.102 Safari/537.36"
::1 - - [25/May/2016:10:32:42 +0000] "GET /public/bootstrap/bootstrap-theme.min.css HTTP/1.1" 304 - "http://localhost:3000/task/list" "Mozilla/5.0 (Windows NT 6.1; WOW64) AppleWebKit/537.36 (KHTML, like Gecko) Chrome/50.0.2661.102 Safari/537.36"
::1 - - [25/May/2016:10:32:42 +0000] "GET /public/stylesheets/style.css HTTP/1.1" 304 - "http://localhost:3000/task/list" "Mozilla/5.0 (Windows NT 6.1; WOW64) AppleWebKit/537.36 (KHTML, like Gecko) Chrome/50.0.2661.102 Safari/537.36"
::1 - - [25/May/2016:10:32:42 +0000] "GET /public/js/jquery.js HTTP/1.1" 304 - "http://localhost:3000/task/list" "Mozilla/5.0 (Windows NT 6.1; WOW64) AppleWebKit/537.36 (KHTML, like Gecko) Chrome/50.0.2661.102 Safari/537.36"
::1 - - [25/May/2016:10:32:42 +0000] "GET /public/js/vue.js HTTP/1.1" 304 - "http://localhost:3000/task/list" "Mozilla/5.0 (Windows NT 6.1; WOW64) AppleWebKit/537.36 (KHTML, like Gecko) Chrome/50.0.2661.102 Safari/537.36"
::1 - - [25/May/2016:10:32:42 +0000] "GET /public/bootstrap/bootstrap.min.js HTTP/1.1" 304 - "http://localhost:3000/task/list" "Mozilla/5.0 (Windows NT 6.1; WOW64) AppleWebKit/537.36 (KHTML, like Gecko) Chrome/50.0.2661.102 Safari/537.36"
::1 - - [25/May/2016:10:32:49 +0000] "PUT /api/task/573af109883c694045b9ea29 HTTP/1.1" 200 95 "http://localhost:3000/task/list" "Mozilla/5.0 (Windows NT 6.1; WOW64) AppleWebKit/537.36 (KHTML, like Gecko) Chrome/50.0.2661.102 Safari/537.36"
::1 - - [25/May/2016:10:34:14 +0000] "GET /task/list HTTP/1.1" 200 15173 "http://localhost:3000/task/list" "Mozilla/5.0 (Windows NT 6.1; WOW64) AppleWebKit/537.36 (KHTML, like Gecko) Chrome/50.0.2661.102 Safari/537.36"
::1 - - [25/May/2016:10:34:14 +0000] "GET /public/bootstrap/bootstrap.min.css HTTP/1.1" 304 - "http://localhost:3000/task/list" "Mozilla/5.0 (Windows NT 6.1; WOW64) AppleWebKit/537.36 (KHTML, like Gecko) Chrome/50.0.2661.102 Safari/537.36"
::1 - - [25/May/2016:10:34:14 +0000] "GET /public/bootstrap/bootstrap-theme.min.css HTTP/1.1" 304 - "http://localhost:3000/task/list" "Mozilla/5.0 (Windows NT 6.1; WOW64) AppleWebKit/537.36 (KHTML, like Gecko) Chrome/50.0.2661.102 Safari/537.36"
::1 - - [25/May/2016:10:34:14 +0000] "GET /public/js/vue.js HTTP/1.1" 304 - "http://localhost:3000/task/list" "Mozilla/5.0 (Windows NT 6.1; WOW64) AppleWebKit/537.36 (KHTML, like Gecko) Chrome/50.0.2661.102 Safari/537.36"
::1 - - [25/May/2016:10:34:14 +0000] "GET /public/bootstrap/bootstrap.min.js HTTP/1.1" 304 - "http://localhost:3000/task/list" "Mozilla/5.0 (Windows NT 6.1; WOW64) AppleWebKit/537.36 (KHTML, like Gecko) Chrome/50.0.2661.102 Safari/537.36"
::1 - - [25/May/2016:10:34:14 +0000] "GET /public/stylesheets/style.css HTTP/1.1" 304 - "http://localhost:3000/task/list" "Mozilla/5.0 (Windows NT 6.1; WOW64) AppleWebKit/537.36 (KHTML, like Gecko) Chrome/50.0.2661.102 Safari/537.36"
::1 - - [25/May/2016:10:34:14 +0000] "GET /public/js/jquery.js HTTP/1.1" 304 - "http://localhost:3000/task/list" "Mozilla/5.0 (Windows NT 6.1; WOW64) AppleWebKit/537.36 (KHTML, like Gecko) Chrome/50.0.2661.102 Safari/537.36"
::1 - - [25/May/2016:10:34:20 +0000] "PUT /api/task/573af109883c694045b9ea29 HTTP/1.1" 200 95 "http://localhost:3000/task/list" "Mozilla/5.0 (Windows NT 6.1; WOW64) AppleWebKit/537.36 (KHTML, like Gecko) Chrome/50.0.2661.102 Safari/537.36"
::1 - - [25/May/2016:10:34:23 +0000] "GET /task/list HTTP/1.1" 200 15173 "http://localhost:3000/task/list" "Mozilla/5.0 (Windows NT 6.1; WOW64) AppleWebKit/537.36 (KHTML, like Gecko) Chrome/50.0.2661.102 Safari/537.36"
::1 - - [25/May/2016:10:34:23 +0000] "GET /public/bootstrap/bootstrap.min.css HTTP/1.1" 304 - "http://localhost:3000/task/list" "Mozilla/5.0 (Windows NT 6.1; WOW64) AppleWebKit/537.36 (KHTML, like Gecko) Chrome/50.0.2661.102 Safari/537.36"
::1 - - [25/May/2016:10:34:23 +0000] "GET /public/bootstrap/bootstrap-theme.min.css HTTP/1.1" 304 - "http://localhost:3000/task/list" "Mozilla/5.0 (Windows NT 6.1; WOW64) AppleWebKit/537.36 (KHTML, like Gecko) Chrome/50.0.2661.102 Safari/537.36"
::1 - - [25/May/2016:10:34:23 +0000] "GET /public/stylesheets/style.css HTTP/1.1" 304 - "http://localhost:3000/task/list" "Mozilla/5.0 (Windows NT 6.1; WOW64) AppleWebKit/537.36 (KHTML, like Gecko) Chrome/50.0.2661.102 Safari/537.36"
::1 - - [25/May/2016:10:34:23 +0000] "GET /public/js/jquery.js HTTP/1.1" 304 - "http://localhost:3000/task/list" "Mozilla/5.0 (Windows NT 6.1; WOW64) AppleWebKit/537.36 (KHTML, like Gecko) Chrome/50.0.2661.102 Safari/537.36"
::1 - - [25/May/2016:10:34:23 +0000] "GET /public/js/vue.js HTTP/1.1" 304 - "http://localhost:3000/task/list" "Mozilla/5.0 (Windows NT 6.1; WOW64) AppleWebKit/537.36 (KHTML, like Gecko) Chrome/50.0.2661.102 Safari/537.36"
::1 - - [25/May/2016:10:34:23 +0000] "GET /public/bootstrap/bootstrap.min.js HTTP/1.1" 304 - "http://localhost:3000/task/list" "Mozilla/5.0 (Windows NT 6.1; WOW64) AppleWebKit/537.36 (KHTML, like Gecko) Chrome/50.0.2661.102 Safari/537.36"
::1 - - [25/May/2016:10:34:40 +0000] "PUT /api/task/573af109883c694045b9ea29 HTTP/1.1" 200 95 "http://localhost:3000/task/list" "Mozilla/5.0 (Windows NT 6.1; WOW64) AppleWebKit/537.36 (KHTML, like Gecko) Chrome/50.0.2661.102 Safari/537.36"
::1 - - [25/May/2016:10:35:11 +0000] "GET /task/list HTTP/1.1" 200 15173 "http://localhost:3000/task/list" "Mozilla/5.0 (Windows NT 6.1; WOW64) AppleWebKit/537.36 (KHTML, like Gecko) Chrome/50.0.2661.102 Safari/537.36"
::1 - - [25/May/2016:10:35:11 +0000] "GET /public/bootstrap/bootstrap.min.css HTTP/1.1" 304 - "http://localhost:3000/task/list" "Mozilla/5.0 (Windows NT 6.1; WOW64) AppleWebKit/537.36 (KHTML, like Gecko) Chrome/50.0.2661.102 Safari/537.36"
::1 - - [25/May/2016:10:35:11 +0000] "GET /public/bootstrap/bootstrap-theme.min.css HTTP/1.1" 304 - "http://localhost:3000/task/list" "Mozilla/5.0 (Windows NT 6.1; WOW64) AppleWebKit/537.36 (KHTML, like Gecko) Chrome/50.0.2661.102 Safari/537.36"
::1 - - [25/May/2016:10:35:11 +0000] "GET /public/stylesheets/style.css HTTP/1.1" 304 - "http://localhost:3000/task/list" "Mozilla/5.0 (Windows NT 6.1; WOW64) AppleWebKit/537.36 (KHTML, like Gecko) Chrome/50.0.2661.102 Safari/537.36"
::1 - - [25/May/2016:10:35:11 +0000] "GET /public/js/jquery.js HTTP/1.1" 304 - "http://localhost:3000/task/list" "Mozilla/5.0 (Windows NT 6.1; WOW64) AppleWebKit/537.36 (KHTML, like Gecko) Chrome/50.0.2661.102 Safari/537.36"
::1 - - [25/May/2016:10:35:11 +0000] "GET /public/js/vue.js HTTP/1.1" 304 - "http://localhost:3000/task/list" "Mozilla/5.0 (Windows NT 6.1; WOW64) AppleWebKit/537.36 (KHTML, like Gecko) Chrome/50.0.2661.102 Safari/537.36"
::1 - - [25/May/2016:10:35:11 +0000] "GET /public/bootstrap/bootstrap.min.js HTTP/1.1" 304 - "http://localhost:3000/task/list" "Mozilla/5.0 (Windows NT 6.1; WOW64) AppleWebKit/537.36 (KHTML, like Gecko) Chrome/50.0.2661.102 Safari/537.36"
::1 - - [25/May/2016:10:35:19 +0000] "PUT /api/task/573af109883c694045b9ea29 HTTP/1.1" 200 95 "http://localhost:3000/task/list" "Mozilla/5.0 (Windows NT 6.1; WOW64) AppleWebKit/537.36 (KHTML, like Gecko) Chrome/50.0.2661.102 Safari/537.36"
::1 - - [25/May/2016:10:36:51 +0000] "GET /task/list HTTP/1.1" 200 15173 "http://localhost:3000/task/list" "Mozilla/5.0 (Windows NT 6.1; WOW64) AppleWebKit/537.36 (KHTML, like Gecko) Chrome/50.0.2661.102 Safari/537.36"
::1 - - [25/May/2016:10:36:51 +0000] "GET /public/bootstrap/bootstrap.min.css HTTP/1.1" 304 - "http://localhost:3000/task/list" "Mozilla/5.0 (Windows NT 6.1; WOW64) AppleWebKit/537.36 (KHTML, like Gecko) Chrome/50.0.2661.102 Safari/537.36"
::1 - - [25/May/2016:10:36:51 +0000] "GET /public/bootstrap/bootstrap-theme.min.css HTTP/1.1" 304 - "http://localhost:3000/task/list" "Mozilla/5.0 (Windows NT 6.1; WOW64) AppleWebKit/537.36 (KHTML, like Gecko) Chrome/50.0.2661.102 Safari/537.36"
::1 - - [25/May/2016:10:36:51 +0000] "GET /public/stylesheets/style.css HTTP/1.1" 304 - "http://localhost:3000/task/list" "Mozilla/5.0 (Windows NT 6.1; WOW64) AppleWebKit/537.36 (KHTML, like Gecko) Chrome/50.0.2661.102 Safari/537.36"
::1 - - [25/May/2016:10:36:51 +0000] "GET /public/js/jquery.js HTTP/1.1" 304 - "http://localhost:3000/task/list" "Mozilla/5.0 (Windows NT 6.1; WOW64) AppleWebKit/537.36 (KHTML, like Gecko) Chrome/50.0.2661.102 Safari/537.36"
::1 - - [25/May/2016:10:36:51 +0000] "GET /public/js/vue.js HTTP/1.1" 304 - "http://localhost:3000/task/list" "Mozilla/5.0 (Windows NT 6.1; WOW64) AppleWebKit/537.36 (KHTML, like Gecko) Chrome/50.0.2661.102 Safari/537.36"
::1 - - [25/May/2016:10:36:51 +0000] "GET /public/bootstrap/bootstrap.min.js HTTP/1.1" 304 - "http://localhost:3000/task/list" "Mozilla/5.0 (Windows NT 6.1; WOW64) AppleWebKit/537.36 (KHTML, like Gecko) Chrome/50.0.2661.102 Safari/537.36"
::1 - - [25/May/2016:10:36:58 +0000] "PUT /api/task/573af109883c694045b9ea29 HTTP/1.1" 200 95 "http://localhost:3000/task/list" "Mozilla/5.0 (Windows NT 6.1; WOW64) AppleWebKit/537.36 (KHTML, like Gecko) Chrome/50.0.2661.102 Safari/537.36"
::1 - - [25/May/2016:10:37:35 +0000] "GET /task/list HTTP/1.1" 200 15173 "http://localhost:3000/task/list" "Mozilla/5.0 (Windows NT 6.1; WOW64) AppleWebKit/537.36 (KHTML, like Gecko) Chrome/50.0.2661.102 Safari/537.36"
::1 - - [25/May/2016:10:37:36 +0000] "GET /public/bootstrap/bootstrap.min.css HTTP/1.1" 304 - "http://localhost:3000/task/list" "Mozilla/5.0 (Windows NT 6.1; WOW64) AppleWebKit/537.36 (KHTML, like Gecko) Chrome/50.0.2661.102 Safari/537.36"
::1 - - [25/May/2016:10:37:36 +0000] "GET /public/bootstrap/bootstrap-theme.min.css HTTP/1.1" 304 - "http://localhost:3000/task/list" "Mozilla/5.0 (Windows NT 6.1; WOW64) AppleWebKit/537.36 (KHTML, like Gecko) Chrome/50.0.2661.102 Safari/537.36"
::1 - - [25/May/2016:10:37:36 +0000] "GET /public/stylesheets/style.css HTTP/1.1" 304 - "http://localhost:3000/task/list" "Mozilla/5.0 (Windows NT 6.1; WOW64) AppleWebKit/537.36 (KHTML, like Gecko) Chrome/50.0.2661.102 Safari/537.36"
::1 - - [25/May/2016:10:37:36 +0000] "GET /public/js/jquery.js HTTP/1.1" 304 - "http://localhost:3000/task/list" "Mozilla/5.0 (Windows NT 6.1; WOW64) AppleWebKit/537.36 (KHTML, like Gecko) Chrome/50.0.2661.102 Safari/537.36"
::1 - - [25/May/2016:10:37:36 +0000] "GET /public/js/vue.js HTTP/1.1" 304 - "http://localhost:3000/task/list" "Mozilla/5.0 (Windows NT 6.1; WOW64) AppleWebKit/537.36 (KHTML, like Gecko) Chrome/50.0.2661.102 Safari/537.36"
::1 - - [25/May/2016:10:37:36 +0000] "GET /public/bootstrap/bootstrap.min.js HTTP/1.1" 304 - "http://localhost:3000/task/list" "Mozilla/5.0 (Windows NT 6.1; WOW64) AppleWebKit/537.36 (KHTML, like Gecko) Chrome/50.0.2661.102 Safari/537.36"
::1 - - [25/May/2016:10:37:43 +0000] "PUT /api/task/573af109883c694045b9ea29 HTTP/1.1" 200 95 "http://localhost:3000/task/list" "Mozilla/5.0 (Windows NT 6.1; WOW64) AppleWebKit/537.36 (KHTML, like Gecko) Chrome/50.0.2661.102 Safari/537.36"
::1 - - [25/May/2016:10:37:46 +0000] "GET /task/list HTTP/1.1" 200 15173 "http://localhost:3000/task/list" "Mozilla/5.0 (Windows NT 6.1; WOW64) AppleWebKit/537.36 (KHTML, like Gecko) Chrome/50.0.2661.102 Safari/537.36"
::1 - - [25/May/2016:10:37:46 +0000] "GET /public/bootstrap/bootstrap.min.css HTTP/1.1" 304 - "http://localhost:3000/task/list" "Mozilla/5.0 (Windows NT 6.1; WOW64) AppleWebKit/537.36 (KHTML, like Gecko) Chrome/50.0.2661.102 Safari/537.36"
::1 - - [25/May/2016:10:37:46 +0000] "GET /public/bootstrap/bootstrap-theme.min.css HTTP/1.1" 304 - "http://localhost:3000/task/list" "Mozilla/5.0 (Windows NT 6.1; WOW64) AppleWebKit/537.36 (KHTML, like Gecko) Chrome/50.0.2661.102 Safari/537.36"
::1 - - [25/May/2016:10:37:46 +0000] "GET /public/stylesheets/style.css HTTP/1.1" 304 - "http://localhost:3000/task/list" "Mozilla/5.0 (Windows NT 6.1; WOW64) AppleWebKit/537.36 (KHTML, like Gecko) Chrome/50.0.2661.102 Safari/537.36"
::1 - - [25/May/2016:10:37:46 +0000] "GET /public/js/jquery.js HTTP/1.1" 304 - "http://localhost:3000/task/list" "Mozilla/5.0 (Windows NT 6.1; WOW64) AppleWebKit/537.36 (KHTML, like Gecko) Chrome/50.0.2661.102 Safari/537.36"
::1 - - [25/May/2016:10:37:46 +0000] "GET /public/js/vue.js HTTP/1.1" 304 - "http://localhost:3000/task/list" "Mozilla/5.0 (Windows NT 6.1; WOW64) AppleWebKit/537.36 (KHTML, like Gecko) Chrome/50.0.2661.102 Safari/537.36"
::1 - - [25/May/2016:10:37:46 +0000] "GET /public/bootstrap/bootstrap.min.js HTTP/1.1" 304 - "http://localhost:3000/task/list" "Mozilla/5.0 (Windows NT 6.1; WOW64) AppleWebKit/537.36 (KHTML, like Gecko) Chrome/50.0.2661.102 Safari/537.36"
::1 - - [25/May/2016:10:37:52 +0000] "PUT /api/task/573af109883c694045b9ea29 HTTP/1.1" 200 95 "http://localhost:3000/task/list" "Mozilla/5.0 (Windows NT 6.1; WOW64) AppleWebKit/537.36 (KHTML, like Gecko) Chrome/50.0.2661.102 Safari/537.36"
::1 - - [25/May/2016:10:39:32 +0000] "GET /task/list HTTP/1.1" 200 15173 "http://localhost:3000/task/list" "Mozilla/5.0 (Windows NT 6.1; WOW64) AppleWebKit/537.36 (KHTML, like Gecko) Chrome/50.0.2661.102 Safari/537.36"
::1 - - [25/May/2016:10:39:33 +0000] "GET /public/bootstrap/bootstrap.min.css HTTP/1.1" 304 - "http://localhost:3000/task/list" "Mozilla/5.0 (Windows NT 6.1; WOW64) AppleWebKit/537.36 (KHTML, like Gecko) Chrome/50.0.2661.102 Safari/537.36"
::1 - - [25/May/2016:10:39:33 +0000] "GET /public/stylesheets/style.css HTTP/1.1" 304 - "http://localhost:3000/task/list" "Mozilla/5.0 (Windows NT 6.1; WOW64) AppleWebKit/537.36 (KHTML, like Gecko) Chrome/50.0.2661.102 Safari/537.36"
::1 - - [25/May/2016:10:39:33 +0000] "GET /public/js/jquery.js HTTP/1.1" 304 - "http://localhost:3000/task/list" "Mozilla/5.0 (Windows NT 6.1; WOW64) AppleWebKit/537.36 (KHTML, like Gecko) Chrome/50.0.2661.102 Safari/537.36"
::1 - - [25/May/2016:10:39:33 +0000] "GET /public/js/vue.js HTTP/1.1" 304 - "http://localhost:3000/task/list" "Mozilla/5.0 (Windows NT 6.1; WOW64) AppleWebKit/537.36 (KHTML, like Gecko) Chrome/50.0.2661.102 Safari/537.36"
::1 - - [25/May/2016:10:39:33 +0000] "GET /public/bootstrap/bootstrap-theme.min.css HTTP/1.1" 304 - "http://localhost:3000/task/list" "Mozilla/5.0 (Windows NT 6.1; WOW64) AppleWebKit/537.36 (KHTML, like Gecko) Chrome/50.0.2661.102 Safari/537.36"
::1 - - [25/May/2016:10:39:33 +0000] "GET /public/bootstrap/bootstrap.min.js HTTP/1.1" 304 - "http://localhost:3000/task/list" "Mozilla/5.0 (Windows NT 6.1; WOW64) AppleWebKit/537.36 (KHTML, like Gecko) Chrome/50.0.2661.102 Safari/537.36"
::1 - - [25/May/2016:10:39:39 +0000] "GET /api/task/queue HTTP/1.1" 200 703 "-" "Mozilla/5.0 (Windows NT 6.1; WOW64) AppleWebKit/537.36 (KHTML, like Gecko) Chrome/50.0.2661.102 Safari/537.36"
::1 - - [25/May/2016:10:39:45 +0000] "PUT /api/task/573af109883c694045b9ea29 HTTP/1.1" 200 95 "http://localhost:3000/task/list" "Mozilla/5.0 (Windows NT 6.1; WOW64) AppleWebKit/537.36 (KHTML, like Gecko) Chrome/50.0.2661.102 Safari/537.36"
::1 - - [25/May/2016:10:39:46 +0000] "GET /task/list HTTP/1.1" 200 15173 "http://localhost:3000/task/list" "Mozilla/5.0 (Windows NT 6.1; WOW64) AppleWebKit/537.36 (KHTML, like Gecko) Chrome/50.0.2661.102 Safari/537.36"
::1 - - [25/May/2016:10:39:46 +0000] "GET /public/bootstrap/bootstrap.min.css HTTP/1.1" 304 - "http://localhost:3000/task/list" "Mozilla/5.0 (Windows NT 6.1; WOW64) AppleWebKit/537.36 (KHTML, like Gecko) Chrome/50.0.2661.102 Safari/537.36"
::1 - - [25/May/2016:10:39:46 +0000] "GET /public/bootstrap/bootstrap-theme.min.css HTTP/1.1" 304 - "http://localhost:3000/task/list" "Mozilla/5.0 (Windows NT 6.1; WOW64) AppleWebKit/537.36 (KHTML, like Gecko) Chrome/50.0.2661.102 Safari/537.36"
::1 - - [25/May/2016:10:39:46 +0000] "GET /public/stylesheets/style.css HTTP/1.1" 304 - "http://localhost:3000/task/list" "Mozilla/5.0 (Windows NT 6.1; WOW64) AppleWebKit/537.36 (KHTML, like Gecko) Chrome/50.0.2661.102 Safari/537.36"
::1 - - [25/May/2016:10:39:46 +0000] "GET /public/js/jquery.js HTTP/1.1" 304 - "http://localhost:3000/task/list" "Mozilla/5.0 (Windows NT 6.1; WOW64) AppleWebKit/537.36 (KHTML, like Gecko) Chrome/50.0.2661.102 Safari/537.36"
::1 - - [25/May/2016:10:39:46 +0000] "GET /public/js/vue.js HTTP/1.1" 304 - "http://localhost:3000/task/list" "Mozilla/5.0 (Windows NT 6.1; WOW64) AppleWebKit/537.36 (KHTML, like Gecko) Chrome/50.0.2661.102 Safari/537.36"
::1 - - [25/May/2016:10:39:46 +0000] "GET /public/bootstrap/bootstrap.min.js HTTP/1.1" 304 - "http://localhost:3000/task/list" "Mozilla/5.0 (Windows NT 6.1; WOW64) AppleWebKit/537.36 (KHTML, like Gecko) Chrome/50.0.2661.102 Safari/537.36"
::1 - - [25/May/2016:10:39:48 +0000] "GET /api/task/queue HTTP/1.1" 200 354 "-" "Mozilla/5.0 (Windows NT 6.1; WOW64) AppleWebKit/537.36 (KHTML, like Gecko) Chrome/50.0.2661.102 Safari/537.36"
::1 - - [26/May/2016:03:44:00 +0000] "GET /task/list HTTP/1.1" 200 15177 "-" "Mozilla/5.0 (Windows NT 6.1; WOW64) AppleWebKit/537.36 (KHTML, like Gecko) Chrome/50.0.2661.102 Safari/537.36"
::1 - - [26/May/2016:03:44:00 +0000] "GET /public/bootstrap/bootstrap.min.css HTTP/1.1" 304 - "http://localhost:3000/task/list" "Mozilla/5.0 (Windows NT 6.1; WOW64) AppleWebKit/537.36 (KHTML, like Gecko) Chrome/50.0.2661.102 Safari/537.36"
::1 - - [26/May/2016:03:44:00 +0000] "GET /public/bootstrap/bootstrap-theme.min.css HTTP/1.1" 304 - "http://localhost:3000/task/list" "Mozilla/5.0 (Windows NT 6.1; WOW64) AppleWebKit/537.36 (KHTML, like Gecko) Chrome/50.0.2661.102 Safari/537.36"
::1 - - [26/May/2016:03:44:00 +0000] "GET /public/stylesheets/style.css HTTP/1.1" 304 - "http://localhost:3000/task/list" "Mozilla/5.0 (Windows NT 6.1; WOW64) AppleWebKit/537.36 (KHTML, like Gecko) Chrome/50.0.2661.102 Safari/537.36"
::1 - - [26/May/2016:03:44:00 +0000] "GET /public/js/jquery.js HTTP/1.1" 304 - "http://localhost:3000/task/list" "Mozilla/5.0 (Windows NT 6.1; WOW64) AppleWebKit/537.36 (KHTML, like Gecko) Chrome/50.0.2661.102 Safari/537.36"
::1 - - [26/May/2016:03:44:00 +0000] "GET /public/js/vue.js HTTP/1.1" 304 - "http://localhost:3000/task/list" "Mozilla/5.0 (Windows NT 6.1; WOW64) AppleWebKit/537.36 (KHTML, like Gecko) Chrome/50.0.2661.102 Safari/537.36"
::1 - - [26/May/2016:03:44:00 +0000] "GET /public/bootstrap/bootstrap.min.js HTTP/1.1" 304 - "http://localhost:3000/task/list" "Mozilla/5.0 (Windows NT 6.1; WOW64) AppleWebKit/537.36 (KHTML, like Gecko) Chrome/50.0.2661.102 Safari/537.36"
::1 - - [26/May/2016:03:44:09 +0000] "GET /api/task/queue HTTP/1.1" 200 703 "-" "Mozilla/5.0 (Windows NT 6.1; WOW64) AppleWebKit/537.36 (KHTML, like Gecko) Chrome/50.0.2661.102 Safari/537.36"
::1 - - [26/May/2016:03:47:21 +0000] "GET /task/list HTTP/1.1" 304 - "-" "Mozilla/5.0 (Windows NT 6.1; WOW64) AppleWebKit/537.36 (KHTML, like Gecko) Chrome/50.0.2661.102 Safari/537.36"
::1 - - [26/May/2016:03:47:21 +0000] "GET /public/bootstrap/bootstrap.min.css HTTP/1.1" 304 - "http://localhost:3000/task/list" "Mozilla/5.0 (Windows NT 6.1; WOW64) AppleWebKit/537.36 (KHTML, like Gecko) Chrome/50.0.2661.102 Safari/537.36"
::1 - - [26/May/2016:03:47:21 +0000] "GET /public/bootstrap/bootstrap-theme.min.css HTTP/1.1" 304 - "http://localhost:3000/task/list" "Mozilla/5.0 (Windows NT 6.1; WOW64) AppleWebKit/537.36 (KHTML, like Gecko) Chrome/50.0.2661.102 Safari/537.36"
::1 - - [26/May/2016:03:47:21 +0000] "GET /public/stylesheets/style.css HTTP/1.1" 304 - "http://localhost:3000/task/list" "Mozilla/5.0 (Windows NT 6.1; WOW64) AppleWebKit/537.36 (KHTML, like Gecko) Chrome/50.0.2661.102 Safari/537.36"
::1 - - [26/May/2016:03:47:21 +0000] "GET /public/js/jquery.js HTTP/1.1" 304 - "http://localhost:3000/task/list" "Mozilla/5.0 (Windows NT 6.1; WOW64) AppleWebKit/537.36 (KHTML, like Gecko) Chrome/50.0.2661.102 Safari/537.36"
::1 - - [26/May/2016:03:47:21 +0000] "GET /public/js/vue.js HTTP/1.1" 304 - "http://localhost:3000/task/list" "Mozilla/5.0 (Windows NT 6.1; WOW64) AppleWebKit/537.36 (KHTML, like Gecko) Chrome/50.0.2661.102 Safari/537.36"
::1 - - [26/May/2016:03:47:21 +0000] "GET /public/bootstrap/bootstrap.min.js HTTP/1.1" 304 - "http://localhost:3000/task/list" "Mozilla/5.0 (Windows NT 6.1; WOW64) AppleWebKit/537.36 (KHTML, like Gecko) Chrome/50.0.2661.102 Safari/537.36"
::1 - - [26/May/2016:03:47:44 +0000] "PUT /api/task/573af109883c694045b9ea29 HTTP/1.1" 200 95 "http://localhost:3000/task/list" "Mozilla/5.0 (Windows NT 6.1; WOW64) AppleWebKit/537.36 (KHTML, like Gecko) Chrome/50.0.2661.102 Safari/537.36"
::1 - - [26/May/2016:03:47:45 +0000] "GET /task/list HTTP/1.1" 200 15177 "http://localhost:3000/task/list" "Mozilla/5.0 (Windows NT 6.1; WOW64) AppleWebKit/537.36 (KHTML, like Gecko) Chrome/50.0.2661.102 Safari/537.36"
::1 - - [26/May/2016:03:47:46 +0000] "GET /public/bootstrap/bootstrap.min.css HTTP/1.1" 304 - "http://localhost:3000/task/list" "Mozilla/5.0 (Windows NT 6.1; WOW64) AppleWebKit/537.36 (KHTML, like Gecko) Chrome/50.0.2661.102 Safari/537.36"
::1 - - [26/May/2016:03:47:46 +0000] "GET /public/bootstrap/bootstrap-theme.min.css HTTP/1.1" 304 - "http://localhost:3000/task/list" "Mozilla/5.0 (Windows NT 6.1; WOW64) AppleWebKit/537.36 (KHTML, like Gecko) Chrome/50.0.2661.102 Safari/537.36"
::1 - - [26/May/2016:03:47:46 +0000] "GET /public/stylesheets/style.css HTTP/1.1" 304 - "http://localhost:3000/task/list" "Mozilla/5.0 (Windows NT 6.1; WOW64) AppleWebKit/537.36 (KHTML, like Gecko) Chrome/50.0.2661.102 Safari/537.36"
::1 - - [26/May/2016:03:47:46 +0000] "GET /public/js/jquery.js HTTP/1.1" 304 - "http://localhost:3000/task/list" "Mozilla/5.0 (Windows NT 6.1; WOW64) AppleWebKit/537.36 (KHTML, like Gecko) Chrome/50.0.2661.102 Safari/537.36"
::1 - - [26/May/2016:03:47:46 +0000] "GET /public/js/vue.js HTTP/1.1" 304 - "http://localhost:3000/task/list" "Mozilla/5.0 (Windows NT 6.1; WOW64) AppleWebKit/537.36 (KHTML, like Gecko) Chrome/50.0.2661.102 Safari/537.36"
::1 - - [26/May/2016:03:47:46 +0000] "GET /public/bootstrap/bootstrap.min.js HTTP/1.1" 304 - "http://localhost:3000/task/list" "Mozilla/5.0 (Windows NT 6.1; WOW64) AppleWebKit/537.36 (KHTML, like Gecko) Chrome/50.0.2661.102 Safari/537.36"
::1 - - [26/May/2016:03:48:00 +0000] "PUT /api/task/573af4d9883c694045b9ea2a HTTP/1.1" 200 95 "http://localhost:3000/task/list" "Mozilla/5.0 (Windows NT 6.1; WOW64) AppleWebKit/537.36 (KHTML, like Gecko) Chrome/50.0.2661.102 Safari/537.36"
::1 - - [26/May/2016:03:48:01 +0000] "GET /task/list HTTP/1.1" 200 15217 "http://localhost:3000/task/list" "Mozilla/5.0 (Windows NT 6.1; WOW64) AppleWebKit/537.36 (KHTML, like Gecko) Chrome/50.0.2661.102 Safari/537.36"
::1 - - [26/May/2016:03:48:01 +0000] "GET /public/bootstrap/bootstrap.min.css HTTP/1.1" 304 - "http://localhost:3000/task/list" "Mozilla/5.0 (Windows NT 6.1; WOW64) AppleWebKit/537.36 (KHTML, like Gecko) Chrome/50.0.2661.102 Safari/537.36"
::1 - - [26/May/2016:03:48:01 +0000] "GET /public/bootstrap/bootstrap-theme.min.css HTTP/1.1" 304 - "http://localhost:3000/task/list" "Mozilla/5.0 (Windows NT 6.1; WOW64) AppleWebKit/537.36 (KHTML, like Gecko) Chrome/50.0.2661.102 Safari/537.36"
::1 - - [26/May/2016:03:48:01 +0000] "GET /public/stylesheets/style.css HTTP/1.1" 304 - "http://localhost:3000/task/list" "Mozilla/5.0 (Windows NT 6.1; WOW64) AppleWebKit/537.36 (KHTML, like Gecko) Chrome/50.0.2661.102 Safari/537.36"
::1 - - [26/May/2016:03:48:01 +0000] "GET /public/js/jquery.js HTTP/1.1" 304 - "http://localhost:3000/task/list" "Mozilla/5.0 (Windows NT 6.1; WOW64) AppleWebKit/537.36 (KHTML, like Gecko) Chrome/50.0.2661.102 Safari/537.36"
::1 - - [26/May/2016:03:48:01 +0000] "GET /public/js/vue.js HTTP/1.1" 304 - "http://localhost:3000/task/list" "Mozilla/5.0 (Windows NT 6.1; WOW64) AppleWebKit/537.36 (KHTML, like Gecko) Chrome/50.0.2661.102 Safari/537.36"
::1 - - [26/May/2016:03:48:01 +0000] "GET /public/bootstrap/bootstrap.min.js HTTP/1.1" 304 - "http://localhost:3000/task/list" "Mozilla/5.0 (Windows NT 6.1; WOW64) AppleWebKit/537.36 (KHTML, like Gecko) Chrome/50.0.2661.102 Safari/537.36"
